{"timestamp":"2025-01-22T03:55:18.914Z","ip":"::1","method":"GET","url":"/","protocol":"http","hostname":"localhost"}
{"timestamp":"2025-01-22T03:55:18.969Z","ip":"::1","method":"GET","url":"/favicon.ico","protocol":"http","hostname":"localhost"}
{"timestamp":"2025-01-22T03:55:50.731Z","ip":"::1","method":"GET","url":"/:2230/:234","protocol":"http","hostname":"localhost"}
{"timestamp":"2025-01-22T03:59:08.833Z","ip":"::1","method":"GET","url":"/uday/:2230/:234","protocol":"http","hostname":"localhost"}
{"timestamp":"2025-01-22T04:00:28.895Z","ip":"::1","method":"GET","url":"/uday/:2230/:234","protocol":"http","hostname":"localhost"}
{"timestamp":"2025-01-22T04:00:30.196Z","ip":"::1","method":"GET","url":"/uday/:2230/:234","protocol":"http","hostname":"localhost"}
{"timestamp":"2025-01-22T04:00:30.979Z","ip":"::1","method":"GET","url":"/uday/:2230/:234","protocol":"http","hostname":"localhost"}
{"timestamp":"2025-01-22T04:00:34.267Z","ip":"::1","method":"GET","url":"/uday/:2230/:234","protocol":"http","hostname":"localhost"}
{"timestamp":"2025-01-22T04:00:42.205Z","ip":"::1","method":"GET","url":"/uday/:2230/:234","protocol":"http","hostname":"localhost"}
{"timestamp":"2025-01-22T04:00:55.665Z","ip":"::1","method":"GET","url":"/","protocol":"http","hostname":"localhost"}
{"timestamp":"2025-01-22T04:01:16.424Z","ip":"::1","method":"GET","url":"/uday/:2239/:220","protocol":"http","hostname":"localhost"}
{"timestamp":"2025-01-22T04:18:51.069Z","ip":"::1","method":"GET","url":"/profile/:2239/:220","protocol":"http","hostname":"localhost"}
{"timestamp":"2025-01-22T04:21:12.886Z","ip":"::1","method":"GET","url":"/profile/2239/220","protocol":"http","hostname":"localhost"}
{"timestamp":"2025-01-22T04:21:16.725Z","ip":"::1","method":"GET","url":"/profile/2239/220","protocol":"http","hostname":"localhost"}
{"timestamp":"2025-01-22T04:21:49.581Z","ip":"::1","method":"GET","url":"/profile/2239/220","protocol":"http","hostname":"localhost"}
{"timestamp":"2025-01-22T04:26:30.613Z","ip":"::1","method":"GET","url":"/profile/2239/220","protocol":"http","hostname":"localhost"}
{"timestamp":"2025-01-22T04:30:02.620Z","ip":"::1","method":"GET","url":"/profile/2239/220","protocol":"http","hostname":"localhost"}
{"timestamp":"2025-01-22T04:30:06.534Z","ip":"::1","method":"GET","url":"/","protocol":"http","hostname":"localhost"}
{"timestamp":"2025-01-22T04:30:06.573Z","ip":"::1","method":"GET","url":"/favicon.ico","protocol":"http","hostname":"localhost"}
{"timestamp":"2025-01-22T04:30:16.206Z","ip":"::1","method":"GET","url":"/profile/2239/220","protocol":"http","hostname":"localhost"}
